EMPTY nonterminals:  start statement
First:
start	[ NUMBER '-' '(' @ ]
statement	[ NUMBER '-' '(' @ ]
expression	[ NUMBER '-' '(' ]
factor	[ NUMBER '(' ]
state unknown:
	(0) start : . statement
		[ EOF ]
	(1) statement : .
		[ EOF ]
state unknown:
	(10) factor : NUMBER .
		[ EOF '+' '-' '*' '/' '^' ')' ]
state unknown:
	(9) expression : '-' . expression
		[ EOF '+' '-' '*' '/' '^' ')' ]
state unknown:
	(11) factor : '(' . expression ')'
		[ EOF '+' '-' '*' '/' '^' ')' ]
state unknown:
	(0) start : statement .
		[ EOF ]
state unknown:
	(2) statement : expression .
		[ EOF ]
	(4) expression : expression . '*' expression
		[ EOF '+' '-' '*' '/' '^' ]
	(5) expression : expression . '/' expression
		[ EOF '+' '-' '*' '/' '^' ]
	(6) expression : expression . '+' expression
		[ EOF '+' '-' '*' '/' '^' ]
	(7) expression : expression . '-' expression
		[ EOF '+' '-' '*' '/' '^' ]
	(8) expression : expression . '^' expression
		[ EOF '+' '-' '*' '/' '^' ]
state unknown:
	(3) expression : factor .
		[ EOF '+' '-' '*' '/' '^' ')' ]
state unknown:
	(4) expression : expression . '*' expression
		[ EOF '+' '-' '*' '/' '^' ')' ]
	(5) expression : expression . '/' expression
		[ EOF '+' '-' '*' '/' '^' ')' ]
	(6) expression : expression . '+' expression
		[ EOF '+' '-' '*' '/' '^' ')' ]
	(7) expression : expression . '-' expression
		[ EOF '+' '-' '*' '/' '^' ')' ]
	(8) expression : expression . '^' expression
		[ EOF '+' '-' '*' '/' '^' ')' ]
	(9) expression : '-' expression .
		[ EOF '+' '-' '*' '/' '^' ')' ]
state unknown:
	(4) expression : expression . '*' expression
		[ '+' '-' '*' '/' '^' ')' ]
	(5) expression : expression . '/' expression
		[ '+' '-' '*' '/' '^' ')' ]
	(6) expression : expression . '+' expression
		[ '+' '-' '*' '/' '^' ')' ]
	(7) expression : expression . '-' expression
		[ '+' '-' '*' '/' '^' ')' ]
	(8) expression : expression . '^' expression
		[ '+' '-' '*' '/' '^' ')' ]
	(11) factor : '(' expression . ')'
		[ EOF '+' '-' '*' '/' '^' ')' ]
state unknown:
	(6) expression : expression '+' . expression
		[ EOF '+' '-' '*' '/' '^' ')' ]
state unknown:
	(7) expression : expression '-' . expression
		[ EOF '+' '-' '*' '/' '^' ')' ]
state unknown:
	(4) expression : expression '*' . expression
		[ EOF '+' '-' '*' '/' '^' ')' ]
state unknown:
	(5) expression : expression '/' . expression
		[ EOF '+' '-' '*' '/' '^' ')' ]
state unknown:
	(8) expression : expression '^' . expression
		[ EOF '+' '-' '*' '/' '^' ')' ]
state unknown:
	(11) factor : '(' expression ')' .
		[ EOF '+' '-' '*' '/' '^' ')' ]
state unknown:
	(4) expression : expression . '*' expression
		[ EOF '+' '-' '*' '/' '^' ')' ]
	(5) expression : expression . '/' expression
		[ EOF '+' '-' '*' '/' '^' ')' ]
	(6) expression : expression . '+' expression
		[ EOF '+' '-' '*' '/' '^' ')' ]
	(6) expression : expression '+' expression .
		[ EOF '+' '-' '*' '/' '^' ')' ]
	(7) expression : expression . '-' expression
		[ EOF '+' '-' '*' '/' '^' ')' ]
	(8) expression : expression . '^' expression
		[ EOF '+' '-' '*' '/' '^' ')' ]
state unknown:
	(4) expression : expression . '*' expression
		[ EOF '+' '-' '*' '/' '^' ')' ]
	(5) expression : expression . '/' expression
		[ EOF '+' '-' '*' '/' '^' ')' ]
	(6) expression : expression . '+' expression
		[ EOF '+' '-' '*' '/' '^' ')' ]
	(7) expression : expression . '-' expression
		[ EOF '+' '-' '*' '/' '^' ')' ]
	(7) expression : expression '-' expression .
		[ EOF '+' '-' '*' '/' '^' ')' ]
	(8) expression : expression . '^' expression
		[ EOF '+' '-' '*' '/' '^' ')' ]
state unknown:
	(4) expression : expression . '*' expression
		[ EOF '+' '-' '*' '/' '^' ')' ]
	(4) expression : expression '*' expression .
		[ EOF '+' '-' '*' '/' '^' ')' ]
	(5) expression : expression . '/' expression
		[ EOF '+' '-' '*' '/' '^' ')' ]
	(6) expression : expression . '+' expression
		[ EOF '+' '-' '*' '/' '^' ')' ]
	(7) expression : expression . '-' expression
		[ EOF '+' '-' '*' '/' '^' ')' ]
	(8) expression : expression . '^' expression
		[ EOF '+' '-' '*' '/' '^' ')' ]
state unknown:
	(4) expression : expression . '*' expression
		[ EOF '+' '-' '*' '/' '^' ')' ]
	(5) expression : expression . '/' expression
		[ EOF '+' '-' '*' '/' '^' ')' ]
	(5) expression : expression '/' expression .
		[ EOF '+' '-' '*' '/' '^' ')' ]
	(6) expression : expression . '+' expression
		[ EOF '+' '-' '*' '/' '^' ')' ]
	(7) expression : expression . '-' expression
		[ EOF '+' '-' '*' '/' '^' ')' ]
	(8) expression : expression . '^' expression
		[ EOF '+' '-' '*' '/' '^' ')' ]
state unknown:
	(4) expression : expression . '*' expression
		[ EOF '+' '-' '*' '/' '^' ')' ]
	(5) expression : expression . '/' expression
		[ EOF '+' '-' '*' '/' '^' ')' ]
	(6) expression : expression . '+' expression
		[ EOF '+' '-' '*' '/' '^' ')' ]
	(7) expression : expression . '-' expression
		[ EOF '+' '-' '*' '/' '^' ')' ]
	(8) expression : expression . '^' expression
		[ EOF '+' '-' '*' '/' '^' ')' ]
	(8) expression : expression '^' expression .
		[ EOF '+' '-' '*' '/' '^' ')' ]
state 0
	(0) start : . statement
	(1) statement : .

	NUMBER		shift 16 and reduce (10)
	'-'		shift 3
	'('		shift 4
	statement	goto 12
	expression	goto 2
	factor		goto 17 and reduce (3)
	.		reduce (1)

state 1
	(4) expression : expression . '*' expression
	(5) expression : expression . '/' expression
	(6) expression : expression . '+' expression
	(7) expression : expression . '-' expression
	(8) expression : expression . '^' expression
	(11) factor : '(' expression . ')'

	'+'		shift 5
	'-'		shift 6
	'*'		shift 7
	'/'		shift 8
	'^'		shift 9
	')'		shift 19 and reduce (11)
	.		error

state 2
	(2) statement : expression .
	(4) expression : expression . '*' expression
	(5) expression : expression . '/' expression
	(6) expression : expression . '+' expression
	(7) expression : expression . '-' expression
	(8) expression : expression . '^' expression

	'+'		shift 5
	'-'		shift 6
	'*'		shift 7
	'/'		shift 8
	'^'		shift 9
	.		reduce (2)

state 3
	(9) expression : '-' . expression

	NUMBER		shift 16 and reduce (10)
	'-'		shift 3
	'('		shift 4
	expression	goto 18 and reduce (9)
	factor		goto 17 and reduce (3)
	.		error

state 4
	(11) factor : '(' . expression ')'

	NUMBER		shift 16 and reduce (10)
	'-'		shift 3
	'('		shift 4
	expression	goto 1
	factor		goto 17 and reduce (3)
	.		error

state 5
	(6) expression : expression '+' . expression

	NUMBER		shift 16 and reduce (10)
	'-'		shift 3
	'('		shift 4
	expression	goto 10
	factor		goto 17 and reduce (3)
	.		error

state 6
	(7) expression : expression '-' . expression

	NUMBER		shift 16 and reduce (10)
	'-'		shift 3
	'('		shift 4
	expression	goto 11
	factor		goto 17 and reduce (3)
	.		error

state 7
	(4) expression : expression '*' . expression

	NUMBER		shift 16 and reduce (10)
	'-'		shift 3
	'('		shift 4
	expression	goto 13
	factor		goto 17 and reduce (3)
	.		error

state 8
	(5) expression : expression '/' . expression

	NUMBER		shift 16 and reduce (10)
	'-'		shift 3
	'('		shift 4
	expression	goto 14
	factor		goto 17 and reduce (3)
	.		error

state 9
	(8) expression : expression '^' . expression

	NUMBER		shift 16 and reduce (10)
	'-'		shift 3
	'('		shift 4
	expression	goto 15
	factor		goto 17 and reduce (3)
	.		error

state 10
	(4) expression : expression . '*' expression
	(5) expression : expression . '/' expression
	(6) expression : expression . '+' expression
	(6) expression : expression '+' expression .
	(7) expression : expression . '-' expression
	(8) expression : expression . '^' expression

	'*'		shift 7
	'/'		shift 8
	'^'		shift 9
	.		reduce (6)

state 11
	(4) expression : expression . '*' expression
	(5) expression : expression . '/' expression
	(6) expression : expression . '+' expression
	(7) expression : expression . '-' expression
	(7) expression : expression '-' expression .
	(8) expression : expression . '^' expression

	'*'		shift 7
	'/'		shift 8
	'^'		shift 9
	.		reduce (7)

state 12
	(0) start : statement .

	EOF		accept
	.		error

state 13
	(4) expression : expression . '*' expression
	(4) expression : expression '*' expression .
	(5) expression : expression . '/' expression
	(6) expression : expression . '+' expression
	(7) expression : expression . '-' expression
	(8) expression : expression . '^' expression

	'^'		shift 9
	.		reduce (4)

state 14
	(4) expression : expression . '*' expression
	(5) expression : expression . '/' expression
	(5) expression : expression '/' expression .
	(6) expression : expression . '+' expression
	(7) expression : expression . '-' expression
	(8) expression : expression . '^' expression

	'^'		shift 9
	.		reduce (5)

state 15
	(4) expression : expression . '*' expression
	(5) expression : expression . '/' expression
	(6) expression : expression . '+' expression
	(7) expression : expression . '-' expression
	(8) expression : expression . '^' expression
	(8) expression : expression '^' expression .

	'^'		shift 9
	.		reduce (8)

state 16
	(10) factor : NUMBER .

	.		reduce (10)

state 17
	(3) expression : factor .

	.		reduce (3)

state 18
	(4) expression : expression . '*' expression
	(5) expression : expression . '/' expression
	(6) expression : expression . '+' expression
	(7) expression : expression . '-' expression
	(8) expression : expression . '^' expression
	(9) expression : '-' expression .

	.		reduce (9)

state 19
	(11) factor : '(' expression ')' .

	.		reduce (11)


Statistics for D:\htdocs\PHP-Yacc\examples\20-custom-parser/parser.kmyacc.phpy:
	11 terminal symbols
	4 nonterminal symbols
	12 productions
	20 states
	0 shift/reduce, 0 reduce/reduce conflicts
	66 items
	29 lookahead sets used
	82+21=103 action entries
	4760 bytes used
