EMPTY nonterminals: 
First:
$start	[ '1' ]
expr	[ '1' ]
@nil	[ ]
state unknown:
	(0) $start : . expr 
		[ EOF ]
state unknown:
	(2) expr : '1' . 
		[ EOF '+' ]
state unknown:
	(0) $start : expr . 
		[ EOF ]
	(1) expr : expr . '+' expr 
		[ EOF '+' ]
state unknown:
	(1) expr : expr '+' . expr 
		[ EOF '+' ]
state unknown:
	(1) expr : expr . '+' expr 
		[ EOF '+' ]
	(1) expr : expr '+' expr . 
		[ EOF '+' ]
state 0
	(0) $start : . expr 

	'1'		shift 3
	expr		goto 1
	@nil		error

state 1
	(0) $start : expr . 
	(1) expr : expr . '+' expr 

	EOF		accept
	'+'		shift 2
	@nil		error

state 2
	(1) expr : expr '+' . expr 

	'1'		shift 3
	expr		goto 4
	@nil		error

state 3
	(2) expr : '1' . 

	@nil		reduce (2)

state 4
	(1) expr : expr . '+' expr 
	(1) expr : expr '+' expr . 

	@nil		reduce (1)


Statistics for /home/ircmaxell/Workspace/PhpYacc/examples/01-expression-support/grammar.y:
	5 terminal symbols
	3 nonterminal symbols
	3 productions
	5 states
	5 non leaf states
	0 shift/reduce, 0 reduce/reduce conflicts
	7 lookahead sets used
	6+6=12 action entries
State=>class:

  0=>1     1=>2     2=>1     3=>0     4=>0   

Terminal action:
     T\S   0   1   2
     EOF  .   .    0
     '+'  .   .    2
     '1'  .    3  . 

Nonterminal GOTO table:
     T\S   0   1   2   3   4
    expr   1  .    4  .   . 

Nonterminal GOTO table:
     T\S default   0   1   2   3   4
    expr       1  =   .    4  .   . 

Candidates of aux table:
Used aux table:
state 0 (class 1)
state 1 (class 2)
state 2 (class 1)
state 3 (class 0)
state 4 (class 0)
Order:
2,1,0,
Order:
1,0,2,
